<?xml version="1.0" encoding="UTF-8"?>
<testsuite name="com.imagecapture.steps.ApiTestSuite" time="1.773" tests="15" errors="1" skipped="1" failures="0">
  <properties>
    <property name="idea.version" value="2017.1.2"/>
    <property name="java.runtime.name" value="Java(TM) SE Runtime Environment"/>
    <property name="sun.boot.library.path" value="C:\Program Files (x86)\Java\jdk1.8.0_121\jre\bin"/>
    <property name="java.vm.version" value="25.121-b13"/>
    <property name="java.vm.vendor" value="Oracle Corporation"/>
    <property name="maven.multiModuleProjectDirectory" value="C:\Users\alex.bichovsky\IdeaProjects\poc_root"/>
    <property name="java.vendor.url" value="http://java.oracle.com/"/>
    <property name="path.separator" value=";"/>
    <property name="guice.disable.misplaced.annotation.check" value="true"/>
    <property name="java.vm.name" value="Java HotSpot(TM) Client VM"/>
    <property name="file.encoding.pkg" value="sun.io"/>
    <property name="user.script" value=""/>
    <property name="user.country" value="US"/>
    <property name="sun.java.launcher" value="SUN_STANDARD"/>
    <property name="sun.os.patch.level" value=""/>
    <property name="java.vm.specification.name" value="Java Virtual Machine Specification"/>
    <property name="user.dir" value="C:\Users\alex.bichovsky\IdeaProjects\poc_root"/>
    <property name="PID" value="12488"/>
    <property name="java.runtime.version" value="1.8.0_121-b13"/>
    <property name="java.awt.graphicsenv" value="sun.awt.Win32GraphicsEnvironment"/>
    <property name="java.endorsed.dirs" value="C:\Program Files (x86)\Java\jdk1.8.0_121\jre\lib\endorsed"/>
    <property name="os.arch" value="x86"/>
    <property name="org.jboss.logging.provider" value="slf4j"/>
    <property name="java.io.tmpdir" value="C:\Users\ALEX~1.BIC\AppData\Local\Temp\"/>
    <property name="line.separator" value="&#10;"/>
    <property name="java.vm.specification.vendor" value="Oracle Corporation"/>
    <property name="user.variant" value=""/>
    <property name="os.name" value="Windows 10"/>
    <property name="classworlds.conf" value="C:\Program Files\JetBrains\IntelliJ IDEA 2017.1.2\plugins\maven\lib\maven3\bin\m2.conf"/>
    <property name="sun.jnu.encoding" value="Cp1252"/>
    <property name="java.library.path" value="C:\Program Files (x86)\Java\jdk1.8.0_121\bin;C:\WINDOWS\Sun\Java\bin;C:\WINDOWS\system32;C:\WINDOWS;C:\Program Files\Docker\Docker\Resources\bin;C:\ProgramData\Oracle\Java\javapath;C:\Program Files (x86)\Intel\iCLS Client\;C:\Program Files\Intel\iCLS Client\;C:\WINDOWS\system32;C:\WINDOWS;C:\WINDOWS\System32\Wbem;C:\WINDOWS\System32\WindowsPowerShell\v1.0\;C:\Program Files (x86)\nodejs\;C:\Program Files\TortoiseSVN\bin;C:\Program Files\Java\jre1.8.0_111\bin;C:\Program Files\Git\cmd;C:\Users\alex.bichovsky\apache-maven-3.3.9\bin;C:\Program Files (x86)\Intel\Intel(R) Management Engine Components\DAL;C:\Program Files\Intel\Intel(R) Management Engine Components\DAL;C:\Program Files (x86)\Intel\Intel(R) Management Engine Components\IPT;C:\Program Files\Intel\Intel(R) Management Engine Components\IPT;C:\Program Files\Intel\WiFi\bin\;C:\Program Files\Common Files\Intel\WirelessCommon\;C:\Program Files (x86)\Skype\Phone\;C:\HashiCorp\Vagrant\bin;C:\Go\bin;C:\SystemTest\Ruby22\bin;C:\Ruby22\bin;C:\Users\alex.bichovsky\AppData\Roaming\npm;C:\Program Files\Git\bin;C:\Program Files\Intel\WiFi\bin\;C:\Program Files\Common Files\Intel\WirelessCommon\;C:\Go\bin;C:\Program Files\Docker Toolbox;."/>
    <property name="spring.beaninfo.ignore" value="true"/>
    <property name="java.specification.name" value="Java Platform API Specification"/>
    <property name="java.class.version" value="52.0"/>
    <property name="sun.management.compiler" value="HotSpot Client Compiler"/>
    <property name="os.version" value="10.0"/>
    <property name="user.home" value="C:\Users\alex.bichovsky"/>
    <property name="user.timezone" value="Asia/Jerusalem"/>
    <property name="catalina.useNaming" value="false"/>
    <property name="java.awt.printerjob" value="sun.awt.windows.WPrinterJob"/>
    <property name="java.specification.version" value="1.8"/>
    <property name="file.encoding" value="UTF-8"/>
    <property name="catalina.home" value="C:\Users\alex.bichovsky\AppData\Local\Temp\tomcat.4453632306505595542.8080"/>
    <property name="user.name" value="alex.bichovsky"/>
    <property name="java.class.path" value="C:\Program Files\JetBrains\IntelliJ IDEA 2017.1.2\plugins\maven\lib\maven3\boot\plexus-classworlds-2.5.2.jar;C:\Program Files\JetBrains\IntelliJ IDEA 2017.1.2\lib\idea_rt.jar"/>
    <property name="java.vm.specification.version" value="1.8"/>
    <property name="sun.arch.data.model" value="32"/>
    <property name="java.home" value="C:\Program Files (x86)\Java\jdk1.8.0_121\jre"/>
    <property name="sun.java.command" value="org.codehaus.classworlds.Launcher -Didea.version=2017.1.2 clean install"/>
    <property name="java.specification.vendor" value="Oracle Corporation"/>
    <property name="user.language" value="en"/>
    <property name="awt.toolkit" value="sun.awt.windows.WToolkit"/>
    <property name="java.vm.info" value="mixed mode, sharing"/>
    <property name="java.version" value="1.8.0_121"/>
    <property name="java.ext.dirs" value="C:\Program Files (x86)\Java\jdk1.8.0_121\jre\lib\ext;C:\WINDOWS\Sun\Java\lib\ext"/>
    <property name="sun.boot.class.path" value="C:\Program Files (x86)\Java\jdk1.8.0_121\jre\lib\resources.jar;C:\Program Files (x86)\Java\jdk1.8.0_121\jre\lib\rt.jar;C:\Program Files (x86)\Java\jdk1.8.0_121\jre\lib\sunrsasign.jar;C:\Program Files (x86)\Java\jdk1.8.0_121\jre\lib\jsse.jar;C:\Program Files (x86)\Java\jdk1.8.0_121\jre\lib\jce.jar;C:\Program Files (x86)\Java\jdk1.8.0_121\jre\lib\charsets.jar;C:\Program Files (x86)\Java\jdk1.8.0_121\jre\lib\jfr.jar;C:\Program Files (x86)\Java\jdk1.8.0_121\jre\classes"/>
    <property name="java.vendor" value="Oracle Corporation"/>
    <property name="java.awt.headless" value="true"/>
    <property name="maven.home" value="C:\Program Files\JetBrains\IntelliJ IDEA 2017.1.2\plugins\maven\lib\maven3"/>
    <property name="catalina.base" value="C:\Users\alex.bichovsky\AppData\Local\Temp\tomcat.4453632306505595542.8080"/>
    <property name="file.separator" value="\"/>
    <property name="java.vendor.url.bug" value="http://bugreport.sun.com/bugreport/"/>
    <property name="sun.cpu.endian" value="little"/>
    <property name="sun.io.unicode.encoding" value="UnicodeLittle"/>
    <property name="sun.desktop" value="windows"/>
    <property name="sun.cpu.isalist" value="pentium_pro+mmx pentium_pro pentium+mmx pentium i486 i386 i86"/>
  </properties>
  <testcase name="BeforeStories" classname="java.lang.Object" time="0.018"/>
  <testcase name="Given Existing Image in DB with name second and source url https://vignette2.wikia.nocookie.net/southpark/images/c/cd/Naked_Cartman_o.o.png" classname="com.imagecapture.steps.GetImageSteps" time="0.606"/>
  <testcase name="When I am getting image with name second" classname="com.imagecapture.steps.GetImageSteps" time="0.023"/>
  <testcase name="Then I am seeing image with name second" classname="com.imagecapture.steps.GetImageSteps" time="0.004"/>
  <testcase name="Scenario: Get second Image" classname="Scenario: Get second Image" time="0.01"/>
  <testcase name="get_second_image.story" classname="get_second_image.story" time="0.04"/>
  <testcase name="Given Existing Image in DB with name first and source url https://vignette2.wikia.nocookie.net/southpark/images/c/cd/Naked_Cartman_o.o.png" classname="com.imagecapture.steps.GetImageSteps" time="0.015"/>
  <testcase name="When I am sending image with name first to convert to type jpg" classname="com.imagecapture.steps.GetImageSteps" time="1.012">
    <error message="I/O error on POST request for &quot;http://localhost:8081/convert-image&quot;: Connection refused: connect; nested exception is java.net.ConnectException: Connection refused: connect" type="org.springframework.web.client.ResourceAccessException"><![CDATA[org.springframework.web.client.ResourceAccessException: I/O error on POST request for "http://localhost:8081/convert-image": Connection refused: connect; nested exception is java.net.ConnectException: Connection refused: connect
	at java.net.DualStackPlainSocketImpl.connect0(Native Method)
	at java.net.DualStackPlainSocketImpl.socketConnect(DualStackPlainSocketImpl.java:79)
	at java.net.AbstractPlainSocketImpl.doConnect(AbstractPlainSocketImpl.java:350)
	at java.net.AbstractPlainSocketImpl.connectToAddress(AbstractPlainSocketImpl.java:206)
	at java.net.AbstractPlainSocketImpl.connect(AbstractPlainSocketImpl.java:188)
	at java.net.PlainSocketImpl.connect(PlainSocketImpl.java:172)
	at java.net.SocksSocketImpl.connect(SocksSocketImpl.java:392)
	at java.net.Socket.connect(Socket.java:589)
	at java.net.Socket.connect(Socket.java:538)
	at sun.net.NetworkClient.doConnect(NetworkClient.java:180)
	at sun.net.www.http.HttpClient.openServer(HttpClient.java:432)
	at sun.net.www.http.HttpClient.openServer(HttpClient.java:527)
	at sun.net.www.http.HttpClient.<init>(HttpClient.java:211)
	at sun.net.www.http.HttpClient.New(HttpClient.java:308)
	at sun.net.www.http.HttpClient.New(HttpClient.java:326)
	at sun.net.www.protocol.http.HttpURLConnection.getNewHttpClient(HttpURLConnection.java:1202)
	at sun.net.www.protocol.http.HttpURLConnection.plainConnect0(HttpURLConnection.java:1138)
	at sun.net.www.protocol.http.HttpURLConnection.plainConnect(HttpURLConnection.java:1032)
	at sun.net.www.protocol.http.HttpURLConnection.connect(HttpURLConnection.java:966)
	at org.springframework.http.client.SimpleBufferingClientHttpRequest.executeInternal(SimpleBufferingClientHttpRequest.java:78)
	at org.springframework.http.client.AbstractBufferingClientHttpRequest.executeInternal(AbstractBufferingClientHttpRequest.java:48)
	at org.springframework.http.client.AbstractClientHttpRequest.execute(AbstractClientHttpRequest.java:53)
	at org.springframework.web.client.RestTemplate.doExecute(RestTemplate.java:633)
	at org.springframework.web.client.RestTemplate.execute(RestTemplate.java:594)
	at org.springframework.web.client.RestTemplate.postForObject(RestTemplate.java:394)
	at com.imagecapture.steps.GetImageSteps.convertImage(GetImageSteps.java:62)
]]></error>
    <system-out><![CDATA[Given Existing Image in DB with name first and source url https://vignette2.wikia.nocookie.net/southpark/images/c/cd/Naked_Cartman_o.o.png
]]></system-out>
  </testcase>
  <testcase name="Then I am seeing image with type jpg" classname="com.imagecapture.steps.GetImageSteps" time="0">
    <skipped/>
    <system-out><![CDATA[When I am sending image with name first to convert to type jpg (FAILED)
(org.springframework.web.client.ResourceAccessException: I/O error on POST request for "http://localhost:8081/convert-image": Connection refused: connect; nested exception is java.net.ConnectException: Connection refused: connect)
]]></system-out>
  </testcase>
  <testcase name="Given Existing Image in DB with name first and source url https://vignette2.wikia.nocookie.net/southpark/images/c/cd/Naked_Cartman_o.o.png​" classname="com.imagecapture.steps.GetImageSteps" time="0.013"/>
  <testcase name="When I am getting image with name first" classname="com.imagecapture.steps.GetImageSteps" time="0.005"/>
  <testcase name="Then I am seeing image with name first" classname="com.imagecapture.steps.GetImageSteps" time="0.002"/>
  <testcase name="Scenario: Get first Image" classname="Scenario: Get first Image" time="0.004"/>
  <testcase name="get_image.story" classname="get_image.story" time="0.013"/>
  <testcase name="AfterStories" classname="java.lang.Object" time="0.008"/>
</testsuite>